Processing 1 base-digit pairs (base 12-12, digits 19-19) using 16 cores
Total multisets: 546273x10^2
Traceback (most recent call last):
  File "/home/slackwing/src/feathers/12.kaprekar/kaprekar_parallel_v2.py", line 717, in <module>
    main()
    ~~~~^^
  File "/home/slackwing/src/feathers/12.kaprekar/kaprekar_parallel_v2.py", line 659, in main
    result = process_base_digit_pair_parallel(base, num_digits, cpu_cores, completed_multisets, total_multisets, start_time, high_mem_mode)
  File "/home/slackwing/src/feathers/12.kaprekar/kaprekar_parallel_v2.py", line 411, in process_base_digit_pair_parallel
    for fixed_points_dict, cycle_count, new_writes, multisets_processed, new_memo_entries in pool.imap_unordered(process_multiset_chunk, tasks):
                                                                                             ~~~~~~~~~~~~~~~~~~~^^^^^^^^^^^^^^^^^^^^^^^^^^^^^^^
  File "/usr/lib/python3.13/multiprocessing/pool.py", line 873, in next
    raise value
  File "/usr/lib/python3.13/multiprocessing/pool.py", line 540, in _handle_tasks
    put(task)
    ~~~^^^^^^
  File "/usr/lib/python3.13/multiprocessing/connection.py", line 206, in send
    self._send_bytes(_ForkingPickler.dumps(obj))
                     ~~~~~~~~~~~~~~~~~~~~~^^^^^
  File "/usr/lib/python3.13/multiprocessing/reduction.py", line 51, in dumps
    cls(buf, protocol).dump(obj)
    ~~~~~~~~~~~~~~~~~~~~~~~^^^^^
TypeError: cannot pickle '_thread.lock' object
